Arguments: 
  C:\node\nodejs\node.exe C:\Users\wangp\AppData\Roaming\npm\node_modules\yarn\bin\yarn.js add @type/node --save-dev

PATH: 
  C:\Windows\system32;C:\Windows;C:\Windows\System32\Wbem;C:\Windows\System32\WindowsPowerShell\v1.0\;C:\Program Files\Git\cmd;C:\Program Files\TortoiseGit\bin;C:\Program Files\Microsoft VS Code\bin;C:\node\nodejs\;C:\Ruby24-x64\bin;C:\Users\wangp\AppData\Local\Microsoft\WindowsApps;C:\Program Files\Microsoft VS Code\bin;C:\Users\wangp\AppData\Roaming\npm

Yarn version: 
  1.6.0

Node version: 
  8.12.0

Platform: 
  win32 x64

Trace: 
  Error: http://registry.npm.taobao.org/@type%2fnode: Not found
      at Request.params.callback [as _callback] (C:\Users\wangp\AppData\Roaming\npm\node_modules\yarn\lib\cli.js:65327:18)
      at Request.self.callback (C:\Users\wangp\AppData\Roaming\npm\node_modules\yarn\lib\cli.js:133155:22)
      at emitTwo (events.js:126:13)
      at Request.emit (events.js:214:7)
      at Request.<anonymous> (C:\Users\wangp\AppData\Roaming\npm\node_modules\yarn\lib\cli.js:134138:10)
      at emitOne (events.js:116:13)
      at Request.emit (events.js:211:7)
      at IncomingMessage.<anonymous> (C:\Users\wangp\AppData\Roaming\npm\node_modules\yarn\lib\cli.js:134058:12)
      at Object.onceWrapper (events.js:313:30)
      at emitNone (events.js:111:20)

npm manifest: 
  {
    "name": "woody-todo-cli",
    "version": "0.0.1",
    "main": "index.js",
    "repository": "https://github.com/woodyRoyal/woody-todo-cli.git",
    "author": "wangp <wangp@2345.com>",
    "license": "MIT",
    "dependencies": {
      "commander": "^4.0.0"
    }
  }

yarn manifest: 
  No manifest

Lockfile: 
  # THIS IS AN AUTOGENERATED FILE. DO NOT EDIT THIS FILE DIRECTLY.
  # yarn lockfile v1
  
  
  commander@^4.0.0:
    version "4.0.0"
    resolved "https://registry.npm.taobao.org/commander/download/commander-4.0.0.tgz?cache=0&sync_timestamp=1572603184853&other_urls=https%3A%2F%2Fregistry.npm.taobao.org%2Fcommander%2Fdownload%2Fcommander-4.0.0.tgz#e782b6afe6a0f1b1408be59429919e1305160e3f"
